 WARN [2020-04-10 00:57:02,377] ({main} NativeCodeLoader.java[<clinit>]:62) - Unable to load native-hadoop library for your platform... using builtin-java classes where applicable
 INFO [2020-04-10 00:57:02,758] ({main} RemoteInterpreterServer.java[main]:261) - URL:jar:file:/zeppelin/interpreter/spark/spark-interpreter-0.8.2.jar!/org/apache/zeppelin/interpreter/remote/RemoteInterpreterServer.class
 INFO [2020-04-10 00:57:02,788] ({main} RemoteInterpreterServer.java[<init>]:162) - Launching ThriftServer at 172.19.0.5:41389
 INFO [2020-04-10 00:57:02,791] ({main} RemoteInterpreterServer.java[<init>]:166) - Starting remote interpreter server on port 41389
 INFO [2020-04-10 00:57:02,793] ({Thread-4} RemoteInterpreterServer.java[run]:203) - Starting remote interpreter server on port 41389
 INFO [2020-04-10 00:57:03,805] ({Thread-5} RemoteInterpreterUtils.java[registerInterpreter]:165) - callbackHost: 172.19.0.5, callbackPort: 44693, callbackInfo: CallbackInfo(host:172.19.0.5, port:41389)
 INFO [2020-04-10 00:57:03,978] ({pool-1-thread-1} RemoteInterpreterServer.java[createInterpreter]:311) - Instantiate interpreter org.apache.zeppelin.spark.SparkInterpreter
 INFO [2020-04-10 00:57:03,985] ({pool-1-thread-1} RemoteInterpreterServer.java[createInterpreter]:311) - Instantiate interpreter org.apache.zeppelin.spark.SparkSqlInterpreter
 INFO [2020-04-10 00:57:04,002] ({pool-1-thread-1} RemoteInterpreterServer.java[createInterpreter]:311) - Instantiate interpreter org.apache.zeppelin.spark.DepInterpreter
 INFO [2020-04-10 00:57:04,006] ({pool-1-thread-1} RemoteInterpreterServer.java[createInterpreter]:311) - Instantiate interpreter org.apache.zeppelin.spark.PySparkInterpreter
 INFO [2020-04-10 00:57:04,012] ({pool-1-thread-1} RemoteInterpreterServer.java[createInterpreter]:311) - Instantiate interpreter org.apache.zeppelin.spark.IPySparkInterpreter
 INFO [2020-04-10 00:57:04,014] ({pool-1-thread-1} RemoteInterpreterServer.java[createInterpreter]:311) - Instantiate interpreter org.apache.zeppelin.spark.SparkRInterpreter
 WARN [2020-04-10 00:57:04,084] ({pool-1-thread-1} ZeppelinConfiguration.java[create]:117) - Failed to load configuration, proceeding with a default
 INFO [2020-04-10 00:57:04,098] ({pool-1-thread-1} ZeppelinConfiguration.java[create]:129) - Server Host: 0.0.0.0
 INFO [2020-04-10 00:57:04,099] ({pool-1-thread-1} ZeppelinConfiguration.java[create]:131) - Server Port: 8080
 INFO [2020-04-10 00:57:04,100] ({pool-1-thread-1} ZeppelinConfiguration.java[create]:135) - Context Path: /
 INFO [2020-04-10 00:57:04,102] ({pool-1-thread-1} ZeppelinConfiguration.java[create]:136) - Zeppelin Version: 0.8.2
 INFO [2020-04-10 00:57:04,102] ({pool-1-thread-1} SchedulerFactory.java[<init>]:59) - Scheduler Thread Pool Size: 100
 INFO [2020-04-10 00:57:04,105] ({pool-2-thread-2} SchedulerFactory.java[jobStarted]:114) - Job 20200410-005623_2069789251 started by scheduler interpreter_1790298136
 INFO [2020-04-10 00:57:04,108] ({pool-2-thread-2} NewSparkInterpreter.java[open]:83) - Using Scala Version: 2.11
 INFO [2020-04-10 00:57:08,631] ({pool-2-thread-2} Logging.scala[logInfo]:54) - Running Spark version 2.4.5
 INFO [2020-04-10 00:57:08,664] ({pool-2-thread-2} Logging.scala[logInfo]:54) - Submitted application: Zeppelin
 INFO [2020-04-10 00:57:08,742] ({pool-2-thread-2} Logging.scala[logInfo]:54) - Changing view acls to: root
 INFO [2020-04-10 00:57:08,742] ({pool-2-thread-2} Logging.scala[logInfo]:54) - Changing modify acls to: root
 INFO [2020-04-10 00:57:08,743] ({pool-2-thread-2} Logging.scala[logInfo]:54) - Changing view acls groups to: 
 INFO [2020-04-10 00:57:08,744] ({pool-2-thread-2} Logging.scala[logInfo]:54) - Changing modify acls groups to: 
 INFO [2020-04-10 00:57:08,744] ({pool-2-thread-2} Logging.scala[logInfo]:54) - SecurityManager: authentication disabled; ui acls disabled; users  with view permissions: Set(root); groups with view permissions: Set(); users  with modify permissions: Set(root); groups with modify permissions: Set()
 INFO [2020-04-10 00:57:09,342] ({pool-2-thread-2} Logging.scala[logInfo]:54) - Successfully started service 'sparkDriver' on port 35639.
 INFO [2020-04-10 00:57:09,375] ({pool-2-thread-2} Logging.scala[logInfo]:54) - Registering MapOutputTracker
 INFO [2020-04-10 00:57:09,400] ({pool-2-thread-2} Logging.scala[logInfo]:54) - Registering BlockManagerMaster
 INFO [2020-04-10 00:57:09,404] ({pool-2-thread-2} Logging.scala[logInfo]:54) - Using org.apache.spark.storage.DefaultTopologyMapper for getting topology information
 INFO [2020-04-10 00:57:09,405] ({pool-2-thread-2} Logging.scala[logInfo]:54) - BlockManagerMasterEndpoint up
 INFO [2020-04-10 00:57:09,417] ({pool-2-thread-2} Logging.scala[logInfo]:54) - Created local directory at /tmp/blockmgr-b63be0c4-0766-4a48-b834-bac689e9c922
 INFO [2020-04-10 00:57:09,441] ({pool-2-thread-2} Logging.scala[logInfo]:54) - MemoryStore started with capacity 366.3 MB
 INFO [2020-04-10 00:57:09,467] ({pool-2-thread-2} Logging.scala[logInfo]:54) - Registering OutputCommitCoordinator
 INFO [2020-04-10 00:57:09,576] ({pool-2-thread-2} Log.java[initialized]:192) - Logging initialized @24503ms
 INFO [2020-04-10 00:57:09,649] ({pool-2-thread-2} Server.java[doStart]:351) - jetty-9.3.z-SNAPSHOT, build timestamp: unknown, git hash: unknown
 INFO [2020-04-10 00:57:09,666] ({pool-2-thread-2} Server.java[doStart]:419) - Started @24593ms
 INFO [2020-04-10 00:57:09,689] ({pool-2-thread-2} AbstractConnector.java[doStart]:278) - Started ServerConnector@49bae6ac{HTTP/1.1,[http/1.1]}{0.0.0.0:4040}
 INFO [2020-04-10 00:57:09,690] ({pool-2-thread-2} Logging.scala[logInfo]:54) - Successfully started service 'SparkUI' on port 4040.
 INFO [2020-04-10 00:57:09,714] ({pool-2-thread-2} ContextHandler.java[doStart]:781) - Started o.s.j.s.ServletContextHandler@54e61adc{/jobs,null,AVAILABLE,@Spark}
 INFO [2020-04-10 00:57:09,714] ({pool-2-thread-2} ContextHandler.java[doStart]:781) - Started o.s.j.s.ServletContextHandler@580d7bb4{/jobs/json,null,AVAILABLE,@Spark}
 INFO [2020-04-10 00:57:09,715] ({pool-2-thread-2} ContextHandler.java[doStart]:781) - Started o.s.j.s.ServletContextHandler@77614361{/jobs/job,null,AVAILABLE,@Spark}
 INFO [2020-04-10 00:57:09,716] ({pool-2-thread-2} ContextHandler.java[doStart]:781) - Started o.s.j.s.ServletContextHandler@3dd155b9{/jobs/job/json,null,AVAILABLE,@Spark}
 INFO [2020-04-10 00:57:09,716] ({pool-2-thread-2} ContextHandler.java[doStart]:781) - Started o.s.j.s.ServletContextHandler@e32496c{/stages,null,AVAILABLE,@Spark}
 INFO [2020-04-10 00:57:09,717] ({pool-2-thread-2} ContextHandler.java[doStart]:781) - Started o.s.j.s.ServletContextHandler@73b56980{/stages/json,null,AVAILABLE,@Spark}
 INFO [2020-04-10 00:57:09,718] ({pool-2-thread-2} ContextHandler.java[doStart]:781) - Started o.s.j.s.ServletContextHandler@4c919c{/stages/stage,null,AVAILABLE,@Spark}
 INFO [2020-04-10 00:57:09,719] ({pool-2-thread-2} ContextHandler.java[doStart]:781) - Started o.s.j.s.ServletContextHandler@7343a391{/stages/stage/json,null,AVAILABLE,@Spark}
 INFO [2020-04-10 00:57:09,719] ({pool-2-thread-2} ContextHandler.java[doStart]:781) - Started o.s.j.s.ServletContextHandler@17671c14{/stages/pool,null,AVAILABLE,@Spark}
 INFO [2020-04-10 00:57:09,720] ({pool-2-thread-2} ContextHandler.java[doStart]:781) - Started o.s.j.s.ServletContextHandler@1be9e4a1{/stages/pool/json,null,AVAILABLE,@Spark}
 INFO [2020-04-10 00:57:09,721] ({pool-2-thread-2} ContextHandler.java[doStart]:781) - Started o.s.j.s.ServletContextHandler@2101334e{/storage,null,AVAILABLE,@Spark}
 INFO [2020-04-10 00:57:09,721] ({pool-2-thread-2} ContextHandler.java[doStart]:781) - Started o.s.j.s.ServletContextHandler@4f3053d4{/storage/json,null,AVAILABLE,@Spark}
 INFO [2020-04-10 00:57:09,722] ({pool-2-thread-2} ContextHandler.java[doStart]:781) - Started o.s.j.s.ServletContextHandler@6018719a{/storage/rdd,null,AVAILABLE,@Spark}
 INFO [2020-04-10 00:57:09,723] ({pool-2-thread-2} ContextHandler.java[doStart]:781) - Started o.s.j.s.ServletContextHandler@34805dd4{/storage/rdd/json,null,AVAILABLE,@Spark}
 INFO [2020-04-10 00:57:09,723] ({pool-2-thread-2} ContextHandler.java[doStart]:781) - Started o.s.j.s.ServletContextHandler@1cb38349{/environment,null,AVAILABLE,@Spark}
 INFO [2020-04-10 00:57:09,724] ({pool-2-thread-2} ContextHandler.java[doStart]:781) - Started o.s.j.s.ServletContextHandler@5150cdf8{/environment/json,null,AVAILABLE,@Spark}
 INFO [2020-04-10 00:57:09,725] ({pool-2-thread-2} ContextHandler.java[doStart]:781) - Started o.s.j.s.ServletContextHandler@7267e2e9{/executors,null,AVAILABLE,@Spark}
 INFO [2020-04-10 00:57:09,725] ({pool-2-thread-2} ContextHandler.java[doStart]:781) - Started o.s.j.s.ServletContextHandler@443f7f8c{/executors/json,null,AVAILABLE,@Spark}
 INFO [2020-04-10 00:57:09,726] ({pool-2-thread-2} ContextHandler.java[doStart]:781) - Started o.s.j.s.ServletContextHandler@44961589{/executors/threadDump,null,AVAILABLE,@Spark}
 INFO [2020-04-10 00:57:09,727] ({pool-2-thread-2} ContextHandler.java[doStart]:781) - Started o.s.j.s.ServletContextHandler@13fe2fee{/executors/threadDump/json,null,AVAILABLE,@Spark}
 INFO [2020-04-10 00:57:09,734] ({pool-2-thread-2} ContextHandler.java[doStart]:781) - Started o.s.j.s.ServletContextHandler@5ec3f7d2{/static,null,AVAILABLE,@Spark}
 INFO [2020-04-10 00:57:09,735] ({pool-2-thread-2} ContextHandler.java[doStart]:781) - Started o.s.j.s.ServletContextHandler@73e5e252{/,null,AVAILABLE,@Spark}
 INFO [2020-04-10 00:57:09,736] ({pool-2-thread-2} ContextHandler.java[doStart]:781) - Started o.s.j.s.ServletContextHandler@6bc91abe{/api,null,AVAILABLE,@Spark}
 INFO [2020-04-10 00:57:09,737] ({pool-2-thread-2} ContextHandler.java[doStart]:781) - Started o.s.j.s.ServletContextHandler@72b12cac{/jobs/job/kill,null,AVAILABLE,@Spark}
 INFO [2020-04-10 00:57:09,737] ({pool-2-thread-2} ContextHandler.java[doStart]:781) - Started o.s.j.s.ServletContextHandler@1da48b8a{/stages/stage/kill,null,AVAILABLE,@Spark}
 INFO [2020-04-10 00:57:09,740] ({pool-2-thread-2} Logging.scala[logInfo]:54) - Bound SparkUI to 0.0.0.0, and started at http://zeppelin:4040
 INFO [2020-04-10 00:57:09,763] ({pool-2-thread-2} Logging.scala[logInfo]:54) - Added JAR file:///root/.ivy2/jars/com.redislabs_spark-redis-2.4.1.jar at spark://zeppelin:35639/jars/com.redislabs_spark-redis-2.4.1.jar with timestamp 1586480229763
 INFO [2020-04-10 00:57:09,763] ({pool-2-thread-2} Logging.scala[logInfo]:54) - Added JAR file:///root/.ivy2/jars/org.apache.commons_commons-pool2-2.0.jar at spark://zeppelin:35639/jars/org.apache.commons_commons-pool2-2.0.jar with timestamp 1586480229763
 INFO [2020-04-10 00:57:09,764] ({pool-2-thread-2} Logging.scala[logInfo]:54) - Added JAR file:///root/.ivy2/jars/redis.clients_jedis-3.2.0.jar at spark://zeppelin:35639/jars/redis.clients_jedis-3.2.0.jar with timestamp 1586480229764
 INFO [2020-04-10 00:57:09,764] ({pool-2-thread-2} Logging.scala[logInfo]:54) - Added JAR file:///root/.ivy2/jars/org.scala-lang_scalap-2.11.12.jar at spark://zeppelin:35639/jars/org.scala-lang_scalap-2.11.12.jar with timestamp 1586480229764
 INFO [2020-04-10 00:57:09,764] ({pool-2-thread-2} Logging.scala[logInfo]:54) - Added JAR file:///root/.ivy2/jars/org.scala-lang_scala-compiler-2.11.12.jar at spark://zeppelin:35639/jars/org.scala-lang_scala-compiler-2.11.12.jar with timestamp 1586480229764
 INFO [2020-04-10 00:57:09,765] ({pool-2-thread-2} Logging.scala[logInfo]:54) - Added JAR file:///root/.ivy2/jars/org.slf4j_slf4j-api-1.7.25.jar at spark://zeppelin:35639/jars/org.slf4j_slf4j-api-1.7.25.jar with timestamp 1586480229765
 INFO [2020-04-10 00:57:09,765] ({pool-2-thread-2} Logging.scala[logInfo]:54) - Added JAR file:///root/.ivy2/jars/org.scala-lang_scala-reflect-2.11.12.jar at spark://zeppelin:35639/jars/org.scala-lang_scala-reflect-2.11.12.jar with timestamp 1586480229765
 INFO [2020-04-10 00:57:09,765] ({pool-2-thread-2} Logging.scala[logInfo]:54) - Added JAR file:///root/.ivy2/jars/org.scala-lang.modules_scala-xml_2.11-1.0.5.jar at spark://zeppelin:35639/jars/org.scala-lang.modules_scala-xml_2.11-1.0.5.jar with timestamp 1586480229765
 INFO [2020-04-10 00:57:09,766] ({pool-2-thread-2} Logging.scala[logInfo]:54) - Added JAR file:///root/.ivy2/jars/org.scala-lang.modules_scala-parser-combinators_2.11-1.0.4.jar at spark://zeppelin:35639/jars/org.scala-lang.modules_scala-parser-combinators_2.11-1.0.4.jar with timestamp 1586480229766
 INFO [2020-04-10 00:57:09,766] ({pool-2-thread-2} Logging.scala[logInfo]:54) - Added JAR file:/zeppelin/interpreter/spark/spark-interpreter-0.8.2.jar at spark://zeppelin:35639/jars/spark-interpreter-0.8.2.jar with timestamp 1586480229766
 INFO [2020-04-10 00:57:09,829] ({pool-2-thread-2} Logging.scala[logInfo]:54) - Starting executor ID driver on host localhost
 INFO [2020-04-10 00:57:09,868] ({pool-2-thread-2} Logging.scala[logInfo]:54) - Using REPL class URI: spark://zeppelin:35639/classes
 INFO [2020-04-10 00:57:09,892] ({pool-2-thread-2} Logging.scala[logInfo]:54) - Successfully started service 'org.apache.spark.network.netty.NettyBlockTransferService' on port 36923.
 INFO [2020-04-10 00:57:09,893] ({pool-2-thread-2} Logging.scala[logInfo]:54) - Server created on zeppelin:36923
 INFO [2020-04-10 00:57:09,895] ({pool-2-thread-2} Logging.scala[logInfo]:54) - Using org.apache.spark.storage.RandomBlockReplicationPolicy for block replication policy
 INFO [2020-04-10 00:57:09,922] ({pool-2-thread-2} Logging.scala[logInfo]:54) - Registering BlockManager BlockManagerId(driver, zeppelin, 36923, None)
 INFO [2020-04-10 00:57:09,926] ({dispatcher-event-loop-2} Logging.scala[logInfo]:54) - Registering block manager zeppelin:36923 with 366.3 MB RAM, BlockManagerId(driver, zeppelin, 36923, None)
 INFO [2020-04-10 00:57:09,930] ({pool-2-thread-2} Logging.scala[logInfo]:54) - Registered BlockManager BlockManagerId(driver, zeppelin, 36923, None)
 INFO [2020-04-10 00:57:09,931] ({pool-2-thread-2} Logging.scala[logInfo]:54) - Initialized BlockManager: BlockManagerId(driver, zeppelin, 36923, None)
 INFO [2020-04-10 00:57:10,082] ({pool-2-thread-2} ContextHandler.java[doStart]:781) - Started o.s.j.s.ServletContextHandler@25dfb127{/metrics/json,null,AVAILABLE,@Spark}
 INFO [2020-04-10 00:57:12,233] ({pool-2-thread-2} SparkShims.java[loadShims]:62) - Initializing shims for Spark 2.x
 INFO [2020-04-10 00:57:12,577] ({pool-2-thread-2} SchedulerFactory.java[jobFinished]:120) - Job 20200410-005623_2069789251 finished by scheduler interpreter_1790298136
