 WARN [2020-04-10 00:44:21,743] ({main} ZeppelinConfiguration.java[create]:117) - Failed to load configuration, proceeding with a default
 INFO [2020-04-10 00:44:21,821] ({main} ZeppelinConfiguration.java[create]:129) - Server Host: 0.0.0.0
 INFO [2020-04-10 00:44:21,821] ({main} ZeppelinConfiguration.java[create]:131) - Server Port: 8080
 INFO [2020-04-10 00:44:21,822] ({main} ZeppelinConfiguration.java[create]:135) - Context Path: /
 INFO [2020-04-10 00:44:21,830] ({main} ZeppelinConfiguration.java[create]:136) - Zeppelin Version: 0.8.2
 INFO [2020-04-10 00:44:21,880] ({main} Log.java[initialized]:193) - Logging initialized @1298ms to org.eclipse.jetty.util.log.Slf4jLog
 WARN [2020-04-10 00:44:22,140] ({main} ServerConnector.java[setSoLingerTime]:458) - Ignoring deprecated socket close linger time
 INFO [2020-04-10 00:44:22,298] ({main} ZeppelinServer.java[setupWebAppContext]:413) - ZeppelinServer Webapp path: /zeppelin/webapps
 INFO [2020-04-10 00:44:22,487] ({main} ZeppelinServer.java[main]:239) - Starting zeppelin server
 INFO [2020-04-10 00:44:22,489] ({main} Server.java[doStart]:370) - jetty-9.4.14.v20181114; built: 2018-11-14T21:20:31.478Z; git: c4550056e785fb5665914545889f21dc136ad9e6; jvm 1.8.0_222-8u222-b10-1ubuntu1~16.04.1-b10
 INFO [2020-04-10 00:44:26,956] ({main} StandardDescriptorProcessor.java[visitServlet]:283) - NO JSP Support for /, did not find org.eclipse.jetty.jsp.JettyJspServlet
 INFO [2020-04-10 00:44:26,986] ({main} DefaultSessionIdManager.java[doStart]:365) - DefaultSessionIdManager workerName=node0
 INFO [2020-04-10 00:44:26,986] ({main} DefaultSessionIdManager.java[doStart]:370) - No SessionScavenger set, using defaults
 INFO [2020-04-10 00:44:26,992] ({main} HouseKeeper.java[startScavenging]:149) - node0 Scavenging every 600000ms
 INFO [2020-04-10 00:44:27,732] ({main} SchedulerFactory.java[<init>]:59) - Scheduler Thread Pool Size: 100
 WARN [2020-04-10 00:44:27,757] ({main} ZeppelinConfiguration.java[getConfigFSDir]:527) - zeppelin.config.fs.dir is not specified, fall back to local conf directory zeppelin.conf.dir
 WARN [2020-04-10 00:44:27,766] ({main} ZeppelinConfiguration.java[getConfigFSDir]:527) - zeppelin.config.fs.dir is not specified, fall back to local conf directory zeppelin.conf.dir
 INFO [2020-04-10 00:44:27,937] ({main} InterpreterSettingManager.java[<init>]:165) - Using RecoveryStorage: org.apache.zeppelin.interpreter.recovery.NullRecoveryStorage
 INFO [2020-04-10 00:44:27,938] ({main} InterpreterSettingManager.java[<init>]:169) - Using LifecycleManager: org.apache.zeppelin.interpreter.lifecycle.NullLifecycleManager
 WARN [2020-04-10 00:44:27,944] ({main} InterpreterSettingManager.java[init]:331) - No interpreter-setting.json found in /zeppelin/interpreter/lib
 INFO [2020-04-10 00:44:27,995] ({main} InterpreterSettingManager.java[registerInterpreterSetting]:425) - Register InterpreterSettingTemplate: python
 INFO [2020-04-10 00:44:28,011] ({main} InterpreterSettingManager.java[registerInterpreterSetting]:425) - Register InterpreterSettingTemplate: neo4j
 INFO [2020-04-10 00:44:28,020] ({main} InterpreterSettingManager.java[registerInterpreterSetting]:425) - Register InterpreterSettingTemplate: alluxio
 INFO [2020-04-10 00:44:28,027] ({main} InterpreterSettingManager.java[registerInterpreterSetting]:425) - Register InterpreterSettingTemplate: elasticsearch
 INFO [2020-04-10 00:44:28,034] ({main} InterpreterSettingManager.java[registerInterpreterSetting]:425) - Register InterpreterSettingTemplate: groovy
 INFO [2020-04-10 00:44:28,048] ({main} InterpreterSettingManager.java[registerInterpreterSetting]:425) - Register InterpreterSettingTemplate: pig
 INFO [2020-04-10 00:44:28,071] ({main} InterpreterSettingManager.java[registerInterpreterSetting]:425) - Register InterpreterSettingTemplate: spark
 INFO [2020-04-10 00:44:28,086] ({main} InterpreterSettingManager.java[registerInterpreterSetting]:425) - Register InterpreterSettingTemplate: angular
 WARN [2020-04-10 00:44:28,327] ({main} InterpreterSettingManager.java[init]:331) - No interpreter-setting.json found in /zeppelin/interpreter/scio
 WARN [2020-04-10 00:44:28,340] ({main} InterpreterSettingManager.java[init]:331) - No interpreter-setting.json found in /zeppelin/interpreter/${interpreter.name}
 INFO [2020-04-10 00:44:28,346] ({main} InterpreterSettingManager.java[registerInterpreterSetting]:425) - Register InterpreterSettingTemplate: md
 INFO [2020-04-10 00:44:28,352] ({main} InterpreterSettingManager.java[registerInterpreterSetting]:425) - Register InterpreterSettingTemplate: flink
 INFO [2020-04-10 00:44:28,371] ({main} InterpreterSettingManager.java[registerInterpreterSetting]:425) - Register InterpreterSettingTemplate: sap
 INFO [2020-04-10 00:44:28,378] ({main} InterpreterSettingManager.java[registerInterpreterSetting]:425) - Register InterpreterSettingTemplate: jdbc
 INFO [2020-04-10 00:44:28,380] ({main} InterpreterSettingManager.java[registerInterpreterSetting]:425) - Register InterpreterSettingTemplate: bigquery
 INFO [2020-04-10 00:44:28,384] ({main} InterpreterSettingManager.java[registerInterpreterSetting]:425) - Register InterpreterSettingTemplate: cassandra
 INFO [2020-04-10 00:44:28,392] ({main} InterpreterSettingManager.java[registerInterpreterSetting]:425) - Register InterpreterSettingTemplate: hbase
 INFO [2020-04-10 00:44:28,402] ({main} InterpreterSettingManager.java[registerInterpreterSetting]:425) - Register InterpreterSettingTemplate: file
 INFO [2020-04-10 00:44:28,407] ({main} InterpreterSettingManager.java[registerInterpreterSetting]:425) - Register InterpreterSettingTemplate: ignite
 INFO [2020-04-10 00:44:28,412] ({main} InterpreterSettingManager.java[registerInterpreterSetting]:425) - Register InterpreterSettingTemplate: lens
 INFO [2020-04-10 00:44:28,417] ({main} InterpreterSettingManager.java[registerInterpreterSetting]:425) - Register InterpreterSettingTemplate: livy
 INFO [2020-04-10 00:44:28,423] ({main} InterpreterSettingManager.java[registerInterpreterSetting]:425) - Register InterpreterSettingTemplate: sh
 INFO [2020-04-10 00:44:28,428] ({main} InterpreterSettingManager.java[registerInterpreterSetting]:425) - Register InterpreterSettingTemplate: kylin
 WARN [2020-04-10 00:44:28,429] ({main} LocalConfigStorage.java[loadInterpreterSettings]:60) - Interpreter Setting file /zeppelin/conf/interpreter.json is not existed
 INFO [2020-04-10 00:44:28,501] ({main} LocalConfigStorage.java[save]:53) - Save Interpreter Setting to /zeppelin/conf/interpreter.json
 INFO [2020-04-10 00:44:28,745] ({main} VfsLog.java[info]:138) - Using "/tmp/vfs_cache" as temporary files store.
 INFO [2020-04-10 00:44:28,896] ({main} GitNotebookRepo.java[<init>]:64) - Opening a git repo at '/notebook'
 INFO [2020-04-10 00:44:29,209] ({main} GitNotebookRepo.java[<init>]:67) - Git repo /notebook/.git does not exist, creating a new one
 INFO [2020-04-10 00:44:29,289] ({main} NotebookRepoSync.java[<init>]:77) - Instantiate NotebookRepo: org.apache.zeppelin.notebook.repo.GitNotebookRepo
 WARN [2020-04-10 00:44:29,480] ({main} NotebookAuthorization.java[getInstance]:86) - Notebook authorization module was called without initialization, initializing with default configuration
 WARN [2020-04-10 00:44:29,481] ({main} LocalConfigStorage.java[loadNotebookAuthorization]:77) - NotebookAuthorization file /zeppelin/conf/notebook-authorization.json is not existed
 INFO [2020-04-10 00:44:29,482] ({main} Credentials.java[loadFromFile]:121) - /zeppelin/conf/credentials.json
 INFO [2020-04-10 00:44:29,544] ({main} StdSchedulerFactory.java[instantiate]:1184) - Using default implementation for ThreadExecutor
 INFO [2020-04-10 00:44:29,550] ({main} SimpleThreadPool.java[initialize]:268) - Job execution threads will use class loader of thread: main
 INFO [2020-04-10 00:44:29,640] ({main} SchedulerSignalerImpl.java[<init>]:61) - Initialized Scheduler Signaller of type: class org.quartz.core.SchedulerSignalerImpl
 INFO [2020-04-10 00:44:29,656] ({main} QuartzScheduler.java[<init>]:240) - Quartz Scheduler v.2.2.1 created.
 INFO [2020-04-10 00:44:29,657] ({main} RAMJobStore.java[initialize]:155) - RAMJobStore initialized.
 INFO [2020-04-10 00:44:29,660] ({main} QuartzScheduler.java[initialize]:305) - Scheduler meta-data: Quartz Scheduler (v2.2.1) 'DefaultQuartzScheduler' with instanceId 'NON_CLUSTERED'
  Scheduler class: 'org.quartz.core.QuartzScheduler' - running locally.
  NOT STARTED.
  Currently in standby mode.
  Number of jobs executed: 0
  Using thread pool 'org.quartz.simpl.SimpleThreadPool' - with 10 threads.
  Using job-store 'org.quartz.simpl.RAMJobStore' - which does not support persistence. and is not clustered.

 INFO [2020-04-10 00:44:29,661] ({main} StdSchedulerFactory.java[instantiate]:1339) - Quartz scheduler 'DefaultQuartzScheduler' initialized from default resource file in Quartz package: 'quartz.properties'
 INFO [2020-04-10 00:44:29,661] ({main} StdSchedulerFactory.java[instantiate]:1343) - Quartz scheduler version: 2.2.1
 INFO [2020-04-10 00:44:29,665] ({main} QuartzScheduler.java[start]:575) - Scheduler DefaultQuartzScheduler_$_NON_CLUSTERED started.
 INFO [2020-04-10 00:44:29,680] ({main} Notebook.java[<init>]:127) - Notebook indexing started...
 INFO [2020-04-10 00:44:29,695] ({main} LuceneSearch.java[addIndexDocs]:305) - Indexing 0 notebooks took 14ms
 INFO [2020-04-10 00:44:29,695] ({main} Notebook.java[<init>]:129) - Notebook indexing finished: 0 indexed in 0s
 INFO [2020-04-10 00:44:29,697] ({main} Helium.java[loadConf]:103) - Add helium local registry /zeppelin/helium
 INFO [2020-04-10 00:44:29,699] ({main} Helium.java[loadConf]:100) - Add helium online registry https://s3.amazonaws.com/helium-package/helium.json
 WARN [2020-04-10 00:44:29,706] ({main} Helium.java[loadConf]:111) - /zeppelin/conf/helium.json does not exists
 INFO [2020-04-10 00:44:32,429] ({main} ContextHandler.java[doStart]:855) - Started o.e.j.w.WebAppContext@5af97850{zeppelin-web,/,file:///zeppelin/webapps/webapp/,AVAILABLE}{/zeppelin/zeppelin-web-0.8.2.war}
 INFO [2020-04-10 00:44:32,478] ({main} AbstractConnector.java[doStart]:292) - Started ServerConnector@49206065{HTTP/1.1,[http/1.1]}{0.0.0.0:8080}
 INFO [2020-04-10 00:44:32,479] ({main} Server.java[doStart]:407) - Started @11899ms
 INFO [2020-04-10 00:44:32,479] ({main} ZeppelinServer.java[main]:249) - Done, zeppelin server started
 WARN [2020-04-10 00:44:51,637] ({qtp2107447833-15} SecurityRestApi.java[ticket]:88) - {"status":"OK","message":"","body":{"principal":"anonymous","ticket":"anonymous","roles":"[]"}}
 INFO [2020-04-10 00:44:51,715] ({qtp2107447833-10} NotebookServer.java[onOpen]:151) - New connection from 172.19.0.1 : 47382
 WARN [2020-04-10 00:56:07,378] ({qtp2107447833-15} InterpreterSettingManager.java[compare]:886) - InterpreterGroup sap is not specified in zeppelin.interpreter.group.order
 WARN [2020-04-10 00:56:07,378] ({qtp2107447833-15} InterpreterSettingManager.java[compare]:886) - InterpreterGroup sap is not specified in zeppelin.interpreter.group.order
 WARN [2020-04-10 00:56:07,379] ({qtp2107447833-15} InterpreterSettingManager.java[compare]:892) - InterpreterGroup sap is not specified in zeppelin.interpreter.group.order
 WARN [2020-04-10 00:56:07,379] ({qtp2107447833-15} InterpreterSettingManager.java[compare]:892) - InterpreterGroup sap is not specified in zeppelin.interpreter.group.order
 WARN [2020-04-10 00:56:07,379] ({qtp2107447833-15} InterpreterSettingManager.java[compare]:892) - InterpreterGroup sap is not specified in zeppelin.interpreter.group.order
 WARN [2020-04-10 00:56:23,402] ({qtp2107447833-15} InterpreterSettingManager.java[compare]:886) - InterpreterGroup sap is not specified in zeppelin.interpreter.group.order
 WARN [2020-04-10 00:56:23,403] ({qtp2107447833-15} InterpreterSettingManager.java[compare]:886) - InterpreterGroup sap is not specified in zeppelin.interpreter.group.order
 WARN [2020-04-10 00:56:23,406] ({qtp2107447833-15} InterpreterSettingManager.java[compare]:892) - InterpreterGroup sap is not specified in zeppelin.interpreter.group.order
 WARN [2020-04-10 00:56:23,407] ({qtp2107447833-15} InterpreterSettingManager.java[compare]:892) - InterpreterGroup sap is not specified in zeppelin.interpreter.group.order
 WARN [2020-04-10 00:56:23,407] ({qtp2107447833-15} InterpreterSettingManager.java[compare]:892) - InterpreterGroup sap is not specified in zeppelin.interpreter.group.order
 INFO [2020-04-10 00:56:23,410] ({qtp2107447833-15} LocalConfigStorage.java[save]:53) - Save Interpreter Setting to /zeppelin/conf/interpreter.json
 INFO [2020-04-10 00:56:23,621] ({qtp2107447833-15} VFSNotebookRepo.java[save]:196) - Saving note:2F5BK9H7F
 INFO [2020-04-10 00:56:23,645] ({qtp2107447833-15} FolderView.java[onNoteNameChanged]:205) - Note name changed: 2F5BK9H7F -> 1-1-Getting-Started
 INFO [2020-04-10 00:56:23,647] ({qtp2107447833-15} FolderView.java[createFolder]:107) - Create folder /
 INFO [2020-04-10 00:56:23,647] ({qtp2107447833-15} Folder.java[setParent]:169) - Set parent of / to /
 INFO [2020-04-10 00:56:23,648] ({qtp2107447833-15} Folder.java[addNote]:185) - Add note 2F5BK9H7F to folder /
 INFO [2020-04-10 00:56:23,651] ({qtp2107447833-15} VFSNotebookRepo.java[save]:196) - Saving note:2F5BK9H7F
 INFO [2020-04-10 00:56:23,703] ({qtp2107447833-9} NotebookServer.java[sendNote]:828) - New operation from 172.19.0.1 : 47382 : anonymous : GET_NOTE : 2F5BK9H7F
 WARN [2020-04-10 00:56:23,755] ({qtp2107447833-9} GitNotebookRepo.java[revisionHistory]:158) - No Head found for 2F5BK9H7F, No HEAD exists and no explicit starting revision was specified
 WARN [2020-04-10 00:56:23,757] ({qtp2107447833-9} InterpreterSettingManager.java[compare]:886) - InterpreterGroup sap is not specified in zeppelin.interpreter.group.order
 WARN [2020-04-10 00:56:23,758] ({qtp2107447833-9} InterpreterSettingManager.java[compare]:886) - InterpreterGroup sap is not specified in zeppelin.interpreter.group.order
 WARN [2020-04-10 00:56:23,758] ({qtp2107447833-9} InterpreterSettingManager.java[compare]:892) - InterpreterGroup sap is not specified in zeppelin.interpreter.group.order
 WARN [2020-04-10 00:56:23,759] ({qtp2107447833-9} InterpreterSettingManager.java[compare]:892) - InterpreterGroup sap is not specified in zeppelin.interpreter.group.order
 WARN [2020-04-10 00:56:23,759] ({qtp2107447833-9} InterpreterSettingManager.java[compare]:892) - InterpreterGroup sap is not specified in zeppelin.interpreter.group.order
 INFO [2020-04-10 00:56:23,834] ({qtp2107447833-13} InterpreterSetting.java[getOrCreateInterpreterGroup]:419) - Create InterpreterGroup with groupId: spark:shared_process for user: anonymous and note: 2F5BK9H7F
 INFO [2020-04-10 00:56:23,837] ({qtp2107447833-13} InterpreterSetting.java[createInterpreters]:689) - Interpreter org.apache.zeppelin.spark.SparkInterpreter created for user: anonymous, sessionId: shared_session
 INFO [2020-04-10 00:56:23,837] ({qtp2107447833-13} InterpreterSetting.java[createInterpreters]:689) - Interpreter org.apache.zeppelin.spark.SparkSqlInterpreter created for user: anonymous, sessionId: shared_session
 INFO [2020-04-10 00:56:23,838] ({qtp2107447833-13} InterpreterSetting.java[createInterpreters]:689) - Interpreter org.apache.zeppelin.spark.DepInterpreter created for user: anonymous, sessionId: shared_session
 INFO [2020-04-10 00:56:23,838] ({qtp2107447833-13} InterpreterSetting.java[createInterpreters]:689) - Interpreter org.apache.zeppelin.spark.PySparkInterpreter created for user: anonymous, sessionId: shared_session
 INFO [2020-04-10 00:56:23,838] ({qtp2107447833-13} InterpreterSetting.java[createInterpreters]:689) - Interpreter org.apache.zeppelin.spark.IPySparkInterpreter created for user: anonymous, sessionId: shared_session
 INFO [2020-04-10 00:56:23,839] ({qtp2107447833-13} InterpreterSetting.java[createInterpreters]:689) - Interpreter org.apache.zeppelin.spark.SparkRInterpreter created for user: anonymous, sessionId: shared_session
 INFO [2020-04-10 00:56:23,839] ({qtp2107447833-13} ManagedInterpreterGroup.java[getOrCreateSession]:158) - Create Session: shared_session in InterpreterGroup: spark:shared_process for user: anonymous
 INFO [2020-04-10 00:56:43,387] ({qtp2107447833-9} VFSNotebookRepo.java[save]:196) - Saving note:2F5BK9H7F
 INFO [2020-04-10 00:56:43,462] ({qtp2107447833-13} NotebookServer.java[broadcastNewParagraph]:688) - Broadcasting paragraph on run call instead of note.
 INFO [2020-04-10 00:56:43,477] ({qtp2107447833-13} VFSNotebookRepo.java[save]:196) - Saving note:2F5BK9H7F
 INFO [2020-04-10 00:56:43,491] ({pool-2-thread-2} SchedulerFactory.java[jobStarted]:114) - Job 20200410-005623_2069789251 started by scheduler org.apache.zeppelin.interpreter.remote.RemoteInterpreter-spark:shared_process-shared_session
 INFO [2020-04-10 00:56:43,496] ({pool-2-thread-2} Paragraph.java[jobRun]:381) - Run paragraph [paragraph_id: 20200410-005623_2069789251, interpreter: spark, note_id: 2F5BK9H7F, user: anonymous]
 INFO [2020-04-10 00:56:43,497] ({pool-2-thread-2} ManagedInterpreterGroup.java[getOrCreateInterpreterProcess]:61) - Create InterpreterProcess for InterpreterGroup: spark:shared_process
 INFO [2020-04-10 00:56:43,498] ({pool-2-thread-2} ShellScriptLauncher.java[launch]:48) - Launching Interpreter: spark
 INFO [2020-04-10 00:56:43,510] ({pool-2-thread-2} SparkInterpreterLauncher.java[buildEnvFromProperties]:108) - Run Spark under non-secure mode as no keytab and principal is specified
 INFO [2020-04-10 00:56:43,514] ({pool-2-thread-2} RemoteInterpreterManagedProcess.java[start]:115) - Thrift server for callback will start. Port: 44693
 INFO [2020-04-10 00:56:43,525] ({pool-2-thread-2} RemoteInterpreterManagedProcess.java[start]:190) - Run interpreter process [/zeppelin/bin/interpreter.sh, -d, /zeppelin/interpreter/spark, -c, 172.19.0.5, -p, 44693, -r, :, -l, /zeppelin/local-repo/spark, -g, spark]
 INFO [2020-04-10 00:57:03,828] ({pool-7-thread-1} RemoteInterpreterManagedProcess.java[callback]:123) - RemoteInterpreterServer Registered: CallbackInfo(host:172.19.0.5, port:41389)
 INFO [2020-04-10 00:57:03,890] ({pool-2-thread-2} RemoteInterpreter.java[call]:168) - Create RemoteInterpreter org.apache.zeppelin.spark.SparkInterpreter
 INFO [2020-04-10 00:57:03,980] ({pool-2-thread-2} RemoteInterpreter.java[call]:168) - Create RemoteInterpreter org.apache.zeppelin.spark.SparkSqlInterpreter
 INFO [2020-04-10 00:57:03,986] ({pool-2-thread-2} RemoteInterpreter.java[call]:168) - Create RemoteInterpreter org.apache.zeppelin.spark.DepInterpreter
 INFO [2020-04-10 00:57:04,002] ({pool-2-thread-2} RemoteInterpreter.java[call]:168) - Create RemoteInterpreter org.apache.zeppelin.spark.PySparkInterpreter
 INFO [2020-04-10 00:57:04,007] ({pool-2-thread-2} RemoteInterpreter.java[call]:168) - Create RemoteInterpreter org.apache.zeppelin.spark.IPySparkInterpreter
 INFO [2020-04-10 00:57:04,013] ({pool-2-thread-2} RemoteInterpreter.java[call]:168) - Create RemoteInterpreter org.apache.zeppelin.spark.SparkRInterpreter
 INFO [2020-04-10 00:57:04,015] ({pool-2-thread-2} RemoteInterpreter.java[call]:142) - Open RemoteInterpreter org.apache.zeppelin.spark.SparkInterpreter
 INFO [2020-04-10 00:57:04,015] ({pool-2-thread-2} RemoteInterpreter.java[pushAngularObjectRegistryToRemote]:436) - Push local angular object registry from ZeppelinServer to remote interpreter group spark:shared_process
 INFO [2020-04-10 00:57:12,587] ({pool-2-thread-2} NotebookServer.java[afterStatusChange]:2314) - Job 20200410-005623_2069789251 is finished successfully, status: FINISHED
 INFO [2020-04-10 00:57:12,599] ({pool-2-thread-2} VFSNotebookRepo.java[save]:196) - Saving note:2F5BK9H7F
 INFO [2020-04-10 00:57:12,609] ({pool-2-thread-2} SchedulerFactory.java[jobFinished]:120) - Job 20200410-005623_2069789251 finished by scheduler org.apache.zeppelin.interpreter.remote.RemoteInterpreter-spark:shared_process-shared_session
